<?xml version="1.0" encoding="UTF-8"?>
<!-- Generated by org.testng.reporters.JUnitReportReporter -->
<testsuite hostname="DESKTOP-VTBANGG" failures="0" tests="1" name="com.obs.tests.BaseTest" time="2.696" errors="0" timestamp="2022-06-21T15:47:08 GST" skipped="0">
  <testcase classname="com.obs.tests.BaseTest" name="setUp" time="2.696"/>
  <system-out/>
</testsuite> <!-- com.obs.tests.BaseTest -->
